<?xml version="1.0" encoding="UTF-8"?>
<!-- Generated by org.testng.reporters.JUnitReportReporter -->
<testsuite skipped="0" hostname="XIPL0425" name="simplyautomation.ApplicationTest" tests="3" failures="0" timestamp="18 Jan 2019 13:30:28 GMT" time="0.007" errors="0">
  <testcase name="doLogin" time="0.004" classname="simplyautomation.ApplicationTest"/>
  <testcase name="changePassword" time="0.001" classname="simplyautomation.ApplicationTest"/>
  <testcase name="doLogout" time="0.002" classname="simplyautomation.ApplicationTest"/>
</testsuite> <!-- simplyautomation.ApplicationTest -->
