<?xml version="1.0" encoding="UTF-8"?>
<!-- Generated by org.testng.reporters.JUnitReportReporter -->
<testsuite skipped="0" hostname="XIPL0425" name="simplyautomation.ApplicationTest2" tests="3" failures="0" timestamp="18 Jan 2019 13:30:28 GMT" time="0.004" errors="0">
  <testcase name="doLogin" time="0.001" classname="simplyautomation.ApplicationTest2"/>
  <testcase name="changePassword" time="0.001" classname="simplyautomation.ApplicationTest2"/>
  <testcase name="doLogout" time="0.002" classname="simplyautomation.ApplicationTest2"/>
</testsuite> <!-- simplyautomation.ApplicationTest2 -->
